2016-04-04 11:39:59 [ 1949] [ ERROR] -     ProxyExceptionHandler - {"exMethod":"int com.retail.xx.service.TestService.testTranscation()","exMessage":null,"exSystem":null,"exMessageDetail":null,"exTragetObject":"com.retail.xx.service.TestService","exMethodParams":[],"extProxyObject":"com.retail.xx.service.TestService$$EnhancerBySpringCGLIB$$c31852a9"} 
org.mybatis.spring.MyBatisSystemException: nested exception is org.apache.ibatis.exceptions.PersistenceException: 
### Error updating database.  Cause: java.lang.IllegalArgumentException: Mapped Statements collection does not contain value for namespace_test.update_test
### Cause: java.lang.IllegalArgumentException: Mapped Statements collection does not contain value for namespace_test.update_test
	at org.mybatis.spring.MyBatisExceptionTranslator.translateExceptionIfPossible(MyBatisExceptionTranslator.java:75)
	at org.mybatis.spring.SqlSessionTemplate$SqlSessionInterceptor.invoke(SqlSessionTemplate.java:371)
	at com.sun.proxy.$Proxy8.update(Unknown Source)
	at org.mybatis.spring.SqlSessionTemplate.update(SqlSessionTemplate.java:254)
	at com.retail.commons.dao.AbstractDaoExt.update(AbstractDaoExt.java:95)
	at com.retail.commons.base.BaseDao.update(BaseDao.java:156)
	at com.retail.xx.dao.TestDao.updateOneByTest(TestDao.java:91)
	at com.retail.xx.service.TestService.testTranscation(TestService.java:49)
	at com.retail.xx.service.TestService$$FastClassBySpringCGLIB$$8c16a99a.invoke(<generated>)
	at org.springframework.cglib.proxy.MethodProxy.invoke(MethodProxy.java:204)
	at org.springframework.aop.framework.CglibAopProxy$CglibMethodInvocation.invokeJoinpoint(CglibAopProxy.java:700)
	at org.springframework.aop.framework.ReflectiveMethodInvocation.proceed(ReflectiveMethodInvocation.java:150)
	at org.springframework.aop.framework.adapter.MethodBeforeAdviceInterceptor.invoke(MethodBeforeAdviceInterceptor.java:51)
	at org.springframework.aop.framework.ReflectiveMethodInvocation.proceed(ReflectiveMethodInvocation.java:172)
	at org.springframework.aop.aspectj.AspectJAfterAdvice.invoke(AspectJAfterAdvice.java:42)
	at org.springframework.aop.framework.ReflectiveMethodInvocation.proceed(ReflectiveMethodInvocation.java:172)
	at org.springframework.aop.aspectj.AspectJAfterThrowingAdvice.invoke(AspectJAfterThrowingAdvice.java:55)
	at org.springframework.aop.framework.ReflectiveMethodInvocation.proceed(ReflectiveMethodInvocation.java:172)
	at org.springframework.transaction.interceptor.TransactionInterceptor$1.proceedWithInvocation(TransactionInterceptor.java:96)
	at org.springframework.transaction.interceptor.TransactionAspectSupport.invokeWithinTransaction(TransactionAspectSupport.java:260)
	at org.springframework.transaction.interceptor.TransactionInterceptor.invoke(TransactionInterceptor.java:94)
	at org.springframework.aop.framework.ReflectiveMethodInvocation.proceed(ReflectiveMethodInvocation.java:172)
	at org.springframework.aop.interceptor.ExposeInvocationInterceptor.invoke(ExposeInvocationInterceptor.java:91)
	at org.springframework.aop.framework.ReflectiveMethodInvocation.proceed(ReflectiveMethodInvocation.java:172)
	at org.springframework.aop.framework.CglibAopProxy$DynamicAdvisedInterceptor.intercept(CglibAopProxy.java:633)
	at com.retail.xx.service.TestService$$EnhancerBySpringCGLIB$$c31852a9.testTranscation(<generated>)
	at com.retail.dao.test.Test1.testTranscation(Test1.java:229)
	at com.retail.dao.test.Test1.main(Test1.java:252)
Caused by: org.apache.ibatis.exceptions.PersistenceException: 
### Error updating database.  Cause: java.lang.IllegalArgumentException: Mapped Statements collection does not contain value for namespace_test.update_test
### Cause: java.lang.IllegalArgumentException: Mapped Statements collection does not contain value for namespace_test.update_test
	at org.apache.ibatis.exceptions.ExceptionFactory.wrapException(ExceptionFactory.java:26)
	at org.apache.ibatis.session.defaults.DefaultSqlSession.update(DefaultSqlSession.java:154)
	at sun.reflect.NativeMethodAccessorImpl.invoke0(Native Method)
	at sun.reflect.NativeMethodAccessorImpl.invoke(NativeMethodAccessorImpl.java:57)
	at sun.reflect.DelegatingMethodAccessorImpl.invoke(DelegatingMethodAccessorImpl.java:43)
	at java.lang.reflect.Method.invoke(Method.java:606)
	at org.mybatis.spring.SqlSessionTemplate$SqlSessionInterceptor.invoke(SqlSessionTemplate.java:358)
	... 26 more
Caused by: java.lang.IllegalArgumentException: Mapped Statements collection does not contain value for namespace_test.update_test
	at org.apache.ibatis.session.Configuration$StrictMap.get(Configuration.java:797)
	at org.apache.ibatis.session.Configuration.getMappedStatement(Configuration.java:631)
	at org.apache.ibatis.session.Configuration.getMappedStatement(Configuration.java:624)
	at org.apache.ibatis.session.defaults.DefaultSqlSession.update(DefaultSqlSession.java:151)
	... 31 more
